<?xml version="1.0" encoding="UTF-8"?>
<testsuite name="biblioteca.view.StdInTest" tests="3" skipped="0" failures="0" errors="0" timestamp="2018-09-21T16:41:57" hostname="in-BariMohammed.local" time="0.003">
  <properties/>
  <testcase name="shouldNotReturn2()" classname="biblioteca.view.StdInTest" time="0.002"/>
  <testcase name="shouldReturnHi()" classname="biblioteca.view.StdInTest" time="0.0"/>
  <testcase name="shouldReturn2()" classname="biblioteca.view.StdInTest" time="0.0"/>
  <system-out><![CDATA[]]></system-out>
  <system-err><![CDATA[]]></system-err>
</testsuite>
