<?xml version="1.0" encoding="UTF-8"?>
<testsuite name="biblioteca.driver.BibliotecaTest" tests="2" skipped="0" failures="0" errors="0" timestamp="2018-09-20T06:42:23" hostname="in-BariMohammed.local" time="0.081">
  <properties/>
  <testcase name="shouldPrintWelcomeMessage()" classname="biblioteca.driver.BibliotecaTest" time="0.077"/>
  <testcase name="shouldReturnListOfBooks()" classname="biblioteca.driver.BibliotecaTest" time="0.003"/>
  <system-out><![CDATA[]]></system-out>
  <system-err><![CDATA[]]></system-err>
</testsuite>
