<?xml version="1.0" encoding="UTF-8"?>
<testsuite name="biblioteca.models.BookTest" tests="2" skipped="0" failures="0" errors="0" timestamp="2018-09-21T16:41:57" hostname="in-BariMohammed.local" time="0.0">
  <properties/>
  <testcase name="shouldReturnTitleOfTheBook()" classname="biblioteca.models.BookTest" time="0.0"/>
  <testcase name="shouldReturnGameOfThronesString()" classname="biblioteca.models.BookTest" time="0.0"/>
  <system-out><![CDATA[]]></system-out>
  <system-err><![CDATA[]]></system-err>
</testsuite>
