<?xml version="1.0" encoding="UTF-8"?>
<testsuite name="biblioteca.models.BookTest" tests="3" skipped="0" failures="0" errors="0" timestamp="2018-09-20T06:26:22" hostname="in-BariMohammed.local" time="0.002">
  <properties/>
  <testcase name="shouldReturnGameOfThronesString()" classname="biblioteca.models.BookTest" time="0.0"/>
  <testcase name="shouldReturnNameOfTheAuthor()" classname="biblioteca.models.BookTest" time="0.0"/>
  <testcase name="shouldReturnYearPublished()" classname="biblioteca.models.BookTest" time="0.0"/>
  <system-out><![CDATA[]]></system-out>
  <system-err><![CDATA[]]></system-err>
</testsuite>
