<?xml version="1.0" encoding="UTF-8"?>
<testsuite name="biblioteca.controller.MenuItemTest" tests="3" skipped="0" failures="0" errors="0" timestamp="2018-09-21T10:35:32" hostname="in-BariMohammed.local" time="0.007">
  <properties/>
  <testcase name="shouldPrintListOfBooks()" classname="biblioteca.controller.MenuItemTest" time="0.003"/>
  <testcase name="shouldReturnListBooks()" classname="biblioteca.controller.MenuItemTest" time="0.002"/>
  <testcase name="getValue()" classname="biblioteca.controller.MenuItemTest" time="0.001"/>
  <system-out><![CDATA[]]></system-out>
  <system-err><![CDATA[]]></system-err>
</testsuite>
