<?xml version="1.0" encoding="UTF-8"?>
<testsuite name="biblioteca.controller.MainMenuTest" tests="2" skipped="0" failures="0" errors="0" timestamp="2018-09-21T11:28:39" hostname="in-BariMohammed.local" time="0.016">
  <properties/>
  <testcase name="shouldDisplayListOfOptions()" classname="biblioteca.controller.MainMenuTest" time="0.004"/>
  <testcase name="invalidOption()" classname="biblioteca.controller.MainMenuTest" time="0.011"/>
  <system-out><![CDATA[]]></system-out>
  <system-err><![CDATA[]]></system-err>
</testsuite>
