<?xml version="1.0" encoding="UTF-8"?>
<testsuite name="biblioteca.controller.InitializeApplicationTest" tests="2" skipped="0" failures="0" errors="0" timestamp="2018-09-21T13:12:41" hostname="in-BariMohammed.local" time="0.094">
  <properties/>
  <testcase name="shouldCallDisplayOptionsMethod()" classname="biblioteca.controller.InitializeApplicationTest" time="0.088"/>
  <testcase name="shouldPrintWelcomeMessage()" classname="biblioteca.controller.InitializeApplicationTest" time="0.005"/>
  <system-out><![CDATA[]]></system-out>
  <system-err><![CDATA[]]></system-err>
</testsuite>
