<?xml version="1.0" encoding="UTF-8"?>
<testsuite name="biblioteca.models.LibraryTest" tests="1" skipped="0" failures="0" errors="0" timestamp="2018-09-20T06:42:23" hostname="in-BariMohammed.local" time="0.0">
  <properties/>
  <testcase name="shouldPrintThreeBooks()" classname="biblioteca.models.LibraryTest" time="0.0"/>
  <system-out><![CDATA[]]></system-out>
  <system-err><![CDATA[]]></system-err>
</testsuite>
