<?xml version="1.0" encoding="UTF-8"?>
<testsuite name="biblioteca.controller.MenuItemTest" tests="4" skipped="0" failures="0" errors="0" timestamp="2018-09-21T13:12:41" hostname="in-BariMohammed.local" time="0.008">
  <properties/>
  <testcase name="shouldPrintListOfBooks()" classname="biblioteca.controller.MenuItemTest" time="0.003"/>
  <testcase name="shouldReturnCheckout()" classname="biblioteca.controller.MenuItemTest" time="0.002"/>
  <testcase name="shouldReturnListBooks()" classname="biblioteca.controller.MenuItemTest" time="0.0"/>
  <testcase name="shouldReturnQuit()" classname="biblioteca.controller.MenuItemTest" time="0.001"/>
  <system-out><![CDATA[]]></system-out>
  <system-err><![CDATA[]]></system-err>
</testsuite>
