<?xml version="1.0" encoding="UTF-8"?>
<testsuite name="biblioteca.controller.InitializeApplicationTest" tests="2" skipped="0" failures="0" errors="0" timestamp="2018-09-21T11:17:38" hostname="in-BariMohammed.local" time="0.095">
  <properties/>
  <testcase name="shouldCallDisplayOptionsMethod()" classname="biblioteca.controller.InitializeApplicationTest" time="0.09"/>
  <testcase name="shouldPrintWelcomeMessage()" classname="biblioteca.controller.InitializeApplicationTest" time="0.004"/>
  <system-out><![CDATA[]]></system-out>
  <system-err><![CDATA[]]></system-err>
</testsuite>
