<?xml version="1.0" encoding="UTF-8"?>
<testsuite name="biblioteca.controller.MenuItemsTest" tests="1" skipped="0" failures="0" errors="0" timestamp="2018-09-20T17:13:13" hostname="in-BariMohammed.local" time="0.003">
  <properties/>
  <testcase name="testActions()" classname="biblioteca.controller.MenuItemsTest" time="0.003"/>
  <system-out><![CDATA[List books
Quit
I am listing books
]]></system-out>
  <system-err><![CDATA[]]></system-err>
</testsuite>
