<?xml version="1.0" encoding="UTF-8"?>
<testsuite name="biblioteca.view.StdInTest" tests="2" skipped="0" failures="0" errors="0" timestamp="2018-09-21T11:17:38" hostname="in-BariMohammed.local" time="0.005">
  <properties/>
  <testcase name="shouldNotReturn2()" classname="biblioteca.view.StdInTest" time="0.003"/>
  <testcase name="shouldReturn2()" classname="biblioteca.view.StdInTest" time="0.002"/>
  <system-out><![CDATA[]]></system-out>
  <system-err><![CDATA[]]></system-err>
</testsuite>
