<?xml version="1.0" encoding="UTF-8"?>
<testsuite name="biblioteca.controller.MenuItemTest" tests="5" skipped="0" failures="0" errors="0" timestamp="2018-09-21T16:41:57" hostname="in-BariMohammed.local" time="0.012">
  <properties/>
  <testcase name="shouldPrintListOfBooks()" classname="biblioteca.controller.MenuItemTest" time="0.004"/>
  <testcase name="shouldReturnCheckout()" classname="biblioteca.controller.MenuItemTest" time="0.003"/>
  <testcase name="shouldReturnListBooks()" classname="biblioteca.controller.MenuItemTest" time="0.001"/>
  <testcase name="shouldReturnQuit()" classname="biblioteca.controller.MenuItemTest" time="0.0"/>
  <testcase name="shouldPrintThankYouMessage()" classname="biblioteca.controller.MenuItemTest" time="0.003"/>
  <system-out><![CDATA[]]></system-out>
  <system-err><![CDATA[]]></system-err>
</testsuite>
